# JRE version: Java(TM) SE Runtime Environment (8.0_77-b03) (build 1.8.0_77-b03)
# Java VM: Java HotSpot(TM) 64-Bit Server VM (25.77-b03 mixed mode windows-amd64 compressed oops)
Heap:
 PSYoungGen      total 73728K, used 35594K [0x00000000d5f00000, 0x00000000dee00000, 0x0000000100000000)
  eden space 65024K, 54% used [0x00000000d5f00000,0x00000000d81c2ba8,0x00000000d9e80000)
  from space 8704K, 0% used [0x00000000d9e80000,0x00000000d9e80000,0x00000000da700000)
  to   space 8192K, 0% used [0x00000000de600000,0x00000000de600000,0x00000000dee00000)
 ParOldGen       total 50688K, used 8209K [0x0000000081c00000, 0x0000000084d80000, 0x00000000d5f00000)
  object space 50688K, 16% used [0x0000000081c00000,0x0000000082404630,0x0000000084d80000)
 Metaspace       used 25717K, capacity 26000K, committed 26240K, reserved 1073152K
  class space    used 3318K, capacity 3392K, committed 3456K, reserved 1048576K
GC Heap History (10 events):
Event: 7.029 GC heap before
{Heap before GC invocations=4 (full 0):
 PSYoungGen      total 38400K, used 38382K [0x00000000d5f00000, 0x00000000d8980000, 0x0000000100000000)
  eden space 33280K, 100% used [0x00000000d5f00000,0x00000000d7f80000,0x00000000d7f80000)
  from space 5120K, 99% used [0x00000000d7f80000,0x00000000d847bb48,0x00000000d8480000)
  to   space 5120K, 0% used [0x00000000d8480000,0x00000000d8480000,0x00000000d8980000)
 ParOldGen       total 87552K, used 417K [0x0000000081c00000, 0x0000000087180000, 0x00000000d5f00000)
  object space 87552K, 0% used [0x0000000081c00000,0x0000000081c68790,0x0000000087180000)
 Metaspace       used 15172K, capacity 15296K, committed 15616K, reserved 1062912K
  class space    used 1935K, capacity 1978K, committed 2048K, reserved 1048576K
Event: 7.039 GC heap after
Heap after GC invocations=4 (full 0):
 PSYoungGen      total 38400K, used 5092K [0x00000000d5f00000, 0x00000000d8980000, 0x0000000100000000)
  eden space 33280K, 0% used [0x00000000d5f00000,0x00000000d5f00000,0x00000000d7f80000)
  from space 5120K, 99% used [0x00000000d8480000,0x00000000d89790f0,0x00000000d8980000)
  to   space 5120K, 0% used [0x00000000d7f80000,0x00000000d7f80000,0x00000000d8480000)
 ParOldGen       total 87552K, used 542K [0x0000000081c00000, 0x0000000087180000, 0x00000000d5f00000)
  object space 87552K, 0% used [0x0000000081c00000,0x0000000081c87890,0x0000000087180000)
 Metaspace       used 15172K, capacity 15296K, committed 15616K, reserved 1062912K
  class space    used 1935K, capacity 1978K, committed 2048K, reserved 1048576K
}
Event: 7.466 GC heap before
{Heap before GC invocations=5 (full 0):
 PSYoungGen      total 38400K, used 38372K [0x00000000d5f00000, 0x00000000d8980000, 0x0000000100000000)
  eden space 33280K, 100% used [0x00000000d5f00000,0x00000000d7f80000,0x00000000d7f80000)
  from space 5120K, 99% used [0x00000000d8480000,0x00000000d89790f0,0x00000000d8980000)
  to   space 5120K, 0% used [0x00000000d7f80000,0x00000000d7f80000,0x00000000d8480000)
 ParOldGen       total 87552K, used 542K [0x0000000081c00000, 0x0000000087180000, 0x00000000d5f00000)
  object space 87552K, 0% used [0x0000000081c00000,0x0000000081c87890,0x0000000087180000)
 Metaspace       used 16362K, capacity 16498K, committed 16768K, reserved 1064960K
  class space    used 2104K, capacity 2141K, committed 2176K, reserved 1048576K
Event: 7.476 GC heap after
Heap after GC invocations=5 (full 0):
 PSYoungGen      total 38400K, used 5091K [0x00000000d5f00000, 0x00000000dae00000, 0x0000000100000000)
  eden space 33280K, 0% used [0x00000000d5f00000,0x00000000d5f00000,0x00000000d7f80000)
  from space 5120K, 99% used [0x00000000d7f80000,0x00000000d8478c90,0x00000000d8480000)
  to   space 7168K, 0% used [0x00000000da700000,0x00000000da700000,0x00000000dae00000)
 ParOldGen       total 87552K, used 2316K [0x0000000081c00000, 0x0000000087180000, 0x00000000d5f00000)
  object space 87552K, 2% used [0x0000000081c00000,0x0000000081e43230,0x0000000087180000)
 Metaspace       used 16362K, capacity 16498K, committed 16768K, reserved 1064960K
  class space    used 2104K, capacity 2141K, committed 2176K, reserved 1048576K
}
Event: 7.841 GC heap before
{Heap before GC invocations=6 (full 0):
 PSYoungGen      total 38400K, used 38371K [0x00000000d5f00000, 0x00000000dae00000, 0x0000000100000000)
  eden space 33280K, 100% used [0x00000000d5f00000,0x00000000d7f80000,0x00000000d7f80000)
  from space 5120K, 99% used [0x00000000d7f80000,0x00000000d8478c90,0x00000000d8480000)
  to   space 7168K, 0% used [0x00000000da700000,0x00000000da700000,0x00000000dae00000)
 ParOldGen       total 87552K, used 2316K [0x0000000081c00000, 0x0000000087180000, 0x00000000d5f00000)
  object space 87552K, 2% used [0x0000000081c00000,0x0000000081e43230,0x0000000087180000)
 Metaspace       used 19566K, capacity 19730K, committed 20096K, reserved 1067008K
  class space    used 2581K, capacity 2621K, committed 2688K, reserved 1048576K
Event: 7.850 GC heap after
Heap after GC invocations=6 (full 0):
 PSYoungGen      total 72192K, used 7150K [0x00000000d5f00000, 0x00000000db100000, 0x0000000100000000)
  eden space 65024K, 0% used [0x00000000d5f00000,0x00000000d5f00000,0x00000000d9e80000)
  from space 7168K, 99% used [0x00000000da700000,0x00000000dadfb8c8,0x00000000dae00000)
  to   space 8704K, 0% used [0x00000000d9e80000,0x00000000d9e80000,0x00000000da700000)
 ParOldGen       total 87552K, used 3382K [0x0000000081c00000, 0x0000000087180000, 0x00000000d5f00000)
  object space 87552K, 3% used [0x0000000081c00000,0x0000000081f4dbc0,0x0000000087180000)
 Metaspace       used 19566K, capacity 19730K, committed 20096K, reserved 1067008K
  class space    used 2581K, capacity 2621K, committed 2688K, reserved 1048576K
}
Event: 8.083 GC heap before
{Heap before GC invocations=7 (full 0):
 PSYoungGen      total 72192K, used 27889K [0x00000000d5f00000, 0x00000000db100000, 0x0000000100000000)
  eden space 65024K, 31% used [0x00000000d5f00000,0x00000000d7340db8,0x00000000d9e80000)
  from space 7168K, 99% used [0x00000000da700000,0x00000000dadfb8c8,0x00000000dae00000)
  to   space 8704K, 0% used [0x00000000d9e80000,0x00000000d9e80000,0x00000000da700000)
 ParOldGen       total 87552K, used 3382K [0x0000000081c00000, 0x0000000087180000, 0x00000000d5f00000)
  object space 87552K, 3% used [0x0000000081c00000,0x0000000081f4dbc0,0x0000000087180000)
 Metaspace       used 20938K, capacity 21120K, committed 21248K, reserved 1067008K
  class space    used 2738K, capacity 2794K, committed 2816K, reserved 1048576K
Event: 8.097 GC heap after
Heap after GC invocations=7 (full 0):
 PSYoungGen      total 73728K, used 5644K [0x00000000d5f00000, 0x00000000dee00000, 0x0000000100000000)
  eden space 65024K, 0% used [0x00000000d5f00000,0x00000000d5f00000,0x00000000d9e80000)
  from space 8704K, 64% used [0x00000000d9e80000,0x00000000da403338,0x00000000da700000)
  to   space 8192K, 0% used [0x00000000de600000,0x00000000de600000,0x00000000dee00000)
 ParOldGen       total 87552K, used 5154K [0x0000000081c00000, 0x0000000087180000, 0x00000000d5f00000)
  object space 87552K, 5% used [0x0000000081c00000,0x0000000082108920,0x0000000087180000)
 Metaspace       used 20938K, capacity 21120K, committed 21248K, reserved 1067008K
  class space    used 2738K, capacity 2794K, committed 2816K, reserved 1048576K
}
Event: 8.097 GC heap before
{Heap before GC invocations=8 (full 1):
 PSYoungGen      total 73728K, used 5644K [0x00000000d5f00000, 0x00000000dee00000, 0x0000000100000000)
  eden space 65024K, 0% used [0x00000000d5f00000,0x00000000d5f00000,0x00000000d9e80000)
  from space 8704K, 64% used [0x00000000d9e80000,0x00000000da403338,0x00000000da700000)
  to   space 8192K, 0% used [0x00000000de600000,0x00000000de600000,0x00000000dee00000)
 ParOldGen       total 87552K, used 5154K [0x0000000081c00000, 0x0000000087180000, 0x00000000d5f00000)
  object space 87552K, 5% used [0x0000000081c00000,0x0000000082108920,0x0000000087180000)
 Metaspace       used 20938K, capacity 21120K, committed 21248K, reserved 1067008K
  class space    used 2738K, capacity 2794K, committed 2816K, reserved 1048576K
Event: 8.145 GC heap after
Heap after GC invocations=8 (full 1):
 PSYoungGen      total 73728K, used 0K [0x00000000d5f00000, 0x00000000dee00000, 0x0000000100000000)
  eden space 65024K, 0% used [0x00000000d5f00000,0x00000000d5f00000,0x00000000d9e80000)
  from space 8704K, 0% used [0x00000000d9e80000,0x00000000d9e80000,0x00000000da700000)
  to   space 8192K, 0% used [0x00000000de600000,0x00000000de600000,0x00000000dee00000)
 ParOldGen       total 50688K, used 8209K [0x0000000081c00000, 0x0000000084d80000, 0x00000000d5f00000)
  object space 50688K, 16% used [0x0000000081c00000,0x0000000082404630,0x0000000084d80000)
 Metaspace       used 20938K, capacity 21120K, committed 21248K, reserved 1067008K
  class space    used 2738K, capacity 2794K, committed 2816K, reserved 1048576K
}

